<?xml version="1.0" encoding="UTF-8"?>
<!-- Generated by org.testng.reporters.JUnitReportReporter -->
<testsuite hostname="LAPTOP-PK0JMVR3" failures="0" tests="1" name="com.ipj.tests.BestClass" time="11.993" errors="0" timestamp="2021-12-01T14:32:34 IST" skipped="0">
  <testcase classname="com.ipj.tests.BestClass" name="test" time="11.993"/>
  <system-out/>
</testsuite> <!-- com.ipj.tests.BestClass -->
