<?xml version="1.0" encoding="UTF-8"?>
<!-- Generated by org.testng.reporters.JUnitReportReporter -->
<testsuite hostname="LAPTOP-PK0JMVR3" failures="0" tests="1" name="com.ipj.extentReports.ExtentReportsDemo" time="3.884" errors="0" timestamp="2021-12-02T17:54:25 IST" skipped="0">
  <testcase classname="com.ipj.extentReports.ExtentReportsDemo" name="demo" time="3.884"/>
  <system-out/>
</testsuite> <!-- com.ipj.extentReports.ExtentReportsDemo -->
